<?xml version="1.0" encoding="UTF-8"?>
<coverage generated="1762545203521" clover="3.2.0">
  <project timestamp="1762545203521" name="All files">
    <metrics statements="102" coveredstatements="35" conditionals="39" coveredconditionals="11" methods="13" coveredmethods="7" elements="154" coveredelements="53" complexity="0" loc="102" ncloc="102" packages="1" files="1" classes="1"/>
    <file name="index.js" path="/Users/tesla/GIT/cardano-ledger-key-extractor/index.js">
      <metrics statements="102" coveredstatements="35" conditionals="39" coveredconditionals="11" methods="13" coveredmethods="7"/>
      <line num="3" count="1" type="stmt"/>
      <line num="4" count="1" type="stmt"/>
      <line num="12" count="7" type="stmt"/>
      <line num="13" count="7" type="stmt"/>
      <line num="14" count="370" type="stmt"/>
      <line num="16" count="7" type="stmt"/>
      <line num="24" count="1" type="stmt"/>
      <line num="25" count="3156" type="stmt"/>
      <line num="34" count="24" type="cond" truecount="4" falsecount="0"/>
      <line num="35" count="4" type="stmt"/>
      <line num="38" count="20" type="stmt"/>
      <line num="39" count="20" type="stmt"/>
      <line num="40" count="20" type="stmt"/>
      <line num="42" count="20" type="cond" truecount="2" falsecount="0"/>
      <line num="43" count="3" type="stmt"/>
      <line num="48" count="17" type="cond" truecount="2" falsecount="0"/>
      <line num="49" count="4" type="stmt"/>
      <line num="52" count="13" type="stmt"/>
      <line num="66" count="57" type="stmt"/>
      <line num="76" count="57" type="stmt"/>
      <line num="77" count="57" type="stmt"/>
      <line num="83" count="57" type="stmt"/>
      <line num="84" count="57" type="stmt"/>
      <line num="87" count="57" type="stmt"/>
      <line num="89" count="57" type="stmt"/>
      <line num="98" count="166" type="stmt"/>
      <line num="104" count="166" type="cond" truecount="2" falsecount="0"/>
      <line num="105" count="102" type="stmt"/>
      <line num="107" count="64" type="stmt"/>
      <line num="117" count="62" type="stmt"/>
      <line num="119" count="62" type="stmt"/>
      <line num="121" count="62" type="stmt"/>
      <line num="123" count="62" type="stmt"/>
      <line num="130" count="0" type="stmt"/>
      <line num="170" count="0" type="stmt"/>
      <line num="171" count="0" type="stmt"/>
      <line num="178" count="0" type="stmt"/>
      <line num="179" count="0" type="cond" truecount="0" falsecount="6"/>
      <line num="181" count="0" type="stmt"/>
      <line num="182" count="0" type="stmt"/>
      <line num="184" count="0" type="cond" truecount="0" falsecount="2"/>
      <line num="185" count="0" type="stmt"/>
      <line num="186" count="0" type="stmt"/>
      <line num="190" count="0" type="stmt"/>
      <line num="192" count="0" type="cond" truecount="0" falsecount="2"/>
      <line num="193" count="0" type="stmt"/>
      <line num="195" count="0" type="stmt"/>
      <line num="198" count="0" type="stmt"/>
      <line num="199" count="0" type="stmt"/>
      <line num="201" count="0" type="stmt"/>
      <line num="202" count="0" type="stmt"/>
      <line num="206" count="0" type="stmt"/>
      <line num="214" count="0" type="stmt"/>
      <line num="216" count="0" type="stmt"/>
      <line num="221" count="0" type="stmt"/>
      <line num="222" count="0" type="stmt"/>
      <line num="225" count="0" type="stmt"/>
      <line num="227" count="0" type="stmt"/>
      <line num="228" count="0" type="stmt"/>
      <line num="229" count="0" type="stmt"/>
      <line num="238" count="0" type="stmt"/>
      <line num="239" count="0" type="stmt"/>
      <line num="242" count="0" type="cond" truecount="0" falsecount="2"/>
      <line num="243" count="0" type="stmt"/>
      <line num="244" count="0" type="stmt"/>
      <line num="248" count="0" type="cond" truecount="0" falsecount="3"/>
      <line num="251" count="0" type="cond" truecount="0" falsecount="2"/>
      <line num="252" count="0" type="stmt"/>
      <line num="253" count="0" type="stmt"/>
      <line num="256" count="0" type="stmt"/>
      <line num="258" count="0" type="cond" truecount="0" falsecount="2"/>
      <line num="259" count="0" type="stmt"/>
      <line num="260" count="0" type="cond" truecount="0" falsecount="2"/>
      <line num="261" count="0" type="stmt"/>
      <line num="262" count="0" type="stmt"/>
      <line num="263" count="0" type="cond" truecount="0" falsecount="2"/>
      <line num="265" count="0" type="stmt"/>
      <line num="266" count="0" type="stmt"/>
      <line num="267" count="0" type="stmt"/>
      <line num="269" count="0" type="stmt"/>
      <line num="272" count="0" type="stmt"/>
      <line num="276" count="0" type="stmt"/>
      <line num="279" count="0" type="stmt"/>
      <line num="280" count="0" type="stmt"/>
      <line num="281" count="0" type="stmt"/>
      <line num="284" count="0" type="stmt"/>
      <line num="286" count="0" type="cond" truecount="0" falsecount="2"/>
      <line num="287" count="0" type="stmt"/>
      <line num="288" count="0" type="stmt"/>
      <line num="291" count="0" type="stmt"/>
      <line num="297" count="0" type="stmt"/>
      <line num="298" count="0" type="stmt"/>
      <line num="300" count="0" type="stmt"/>
      <line num="302" count="0" type="stmt"/>
      <line num="305" count="0" type="cond" truecount="0" falsecount="2"/>
      <line num="306" count="0" type="stmt"/>
      <line num="307" count="0" type="stmt"/>
      <line num="309" count="0" type="stmt"/>
      <line num="312" count="0" type="stmt"/>
      <line num="317" count="1" type="cond" truecount="1" falsecount="1"/>
      <line num="318" count="0" type="stmt"/>
      <line num="322" count="1" type="stmt"/>
    </file>
  </project>
</coverage>
