{
  "/Users/tesla/GIT/cardano-ledger-key-extractor/index.js": {
    "path": "/Users/tesla/GIT/cardano-ledger-key-extractor/index.js",
    "statementMap": {
      "0": {
        "start": { "line": 3, "column": 15 },
        "end": { "line": 3, "column": 32 }
      },
      "1": {
        "start": { "line": 4, "column": 14 },
        "end": { "line": 4, "column": 30 }
      },
      "2": {
        "start": { "line": 12, "column": 17 },
        "end": { "line": 12, "column": 53 }
      },
      "3": {
        "start": { "line": 13, "column": 2 },
        "end": { "line": 15, "column": 3 }
      },
      "4": {
        "start": { "line": 13, "column": 15 },
        "end": { "line": 13, "column": 16 }
      },
      "5": {
        "start": { "line": 14, "column": 4 },
        "end": { "line": 14, "column": 64 }
      },
      "6": {
        "start": { "line": 16, "column": 2 },
        "end": { "line": 16, "column": 16 }
      },
      "7": {
        "start": { "line": 24, "column": 20 },
        "end": { "line": 25, "column": 75 }
      },
      "8": {
        "start": { "line": 25, "column": 2 },
        "end": { "line": 25, "column": 75 }
      },
      "9": {
        "start": { "line": 25, "column": 30 },
        "end": { "line": 25, "column": 70 }
      },
      "10": {
        "start": { "line": 34, "column": 2 },
        "end": { "line": 36, "column": 3 }
      },
      "11": {
        "start": { "line": 35, "column": 4 },
        "end": { "line": 35, "column": 59 }
      },
      "12": {
        "start": { "line": 38, "column": 18 },
        "end": { "line": 38, "column": 33 }
      },
      "13": {
        "start": { "line": 39, "column": 20 },
        "end": { "line": 39, "column": 47 }
      },
      "14": {
        "start": { "line": 40, "column": 22 },
        "end": { "line": 40, "column": 42 }
      },
      "15": {
        "start": { "line": 42, "column": 2 },
        "end": { "line": 46, "column": 3 }
      },
      "16": {
        "start": { "line": 43, "column": 4 },
        "end": { "line": 45, "column": 6 }
      },
      "17": {
        "start": { "line": 48, "column": 2 },
        "end": { "line": 50, "column": 3 }
      },
      "18": {
        "start": { "line": 49, "column": 4 },
        "end": { "line": 49, "column": 62 }
      },
      "19": {
        "start": { "line": 52, "column": 2 },
        "end": { "line": 52, "column": 17 }
      },
      "20": {
        "start": { "line": 66, "column": 21 },
        "end": { "line": 72, "column": 3 }
      },
      "21": {
        "start": { "line": 76, "column": 18 },
        "end": { "line": 76, "column": 52 }
      },
      "22": {
        "start": { "line": 77, "column": 13 },
        "end": { "line": 80, "column": 13 }
      },
      "23": {
        "start": { "line": 83, "column": 12 },
        "end": { "line": 83, "column": 38 }
      },
      "24": {
        "start": { "line": 84, "column": 18 },
        "end": { "line": 84, "column": 30 }
      },
      "25": {
        "start": { "line": 87, "column": 20 },
        "end": { "line": 87, "column": 55 }
      },
      "26": {
        "start": { "line": 89, "column": 2 },
        "end": { "line": 89, "column": 19 }
      },
      "27": {
        "start": { "line": 98, "column": 12 },
        "end": { "line": 101, "column": 13 }
      },
      "28": {
        "start": { "line": 104, "column": 2 },
        "end": { "line": 106, "column": 3 }
      },
      "29": {
        "start": { "line": 105, "column": 4 },
        "end": { "line": 105, "column": 29 }
      },
      "30": {
        "start": { "line": 107, "column": 2 },
        "end": { "line": 107, "column": 11 }
      },
      "31": {
        "start": { "line": 117, "column": 2 },
        "end": { "line": 117, "column": 25 }
      },
      "32": {
        "start": { "line": 119, "column": 2 },
        "end": { "line": 119, "column": 26 }
      },
      "33": {
        "start": { "line": 121, "column": 2 },
        "end": { "line": 121, "column": 26 }
      },
      "34": {
        "start": { "line": 123, "column": 2 },
        "end": { "line": 123, "column": 14 }
      },
      "35": {
        "start": { "line": 130, "column": 2 },
        "end": { "line": 162, "column": 3 }
      },
      "36": {
        "start": { "line": 170, "column": 15 },
        "end": { "line": 170, "column": 36 }
      },
      "37": {
        "start": { "line": 171, "column": 17 },
        "end": { "line": 176, "column": 3 }
      },
      "38": {
        "start": { "line": 178, "column": 2 },
        "end": { "line": 204, "column": 3 }
      },
      "39": {
        "start": { "line": 178, "column": 15 },
        "end": { "line": 178, "column": 16 }
      },
      "40": {
        "start": { "line": 179, "column": 4 },
        "end": { "line": 203, "column": 5 }
      },
      "41": {
        "start": { "line": 181, "column": 8 },
        "end": { "line": 181, "column": 31 }
      },
      "42": {
        "start": { "line": 182, "column": 8 },
        "end": { "line": 182, "column": 14 }
      },
      "43": {
        "start": { "line": 184, "column": 8 },
        "end": { "line": 189, "column": 9 }
      },
      "44": {
        "start": { "line": 185, "column": 10 },
        "end": { "line": 185, "column": 38 }
      },
      "45": {
        "start": { "line": 186, "column": 10 },
        "end": { "line": 188, "column": 12 }
      },
      "46": {
        "start": { "line": 190, "column": 8 },
        "end": { "line": 190, "column": 14 }
      },
      "47": {
        "start": { "line": 192, "column": 8 },
        "end": { "line": 194, "column": 9 }
      },
      "48": {
        "start": { "line": 193, "column": 10 },
        "end": { "line": 193, "column": 40 }
      },
      "49": {
        "start": { "line": 195, "column": 8 },
        "end": { "line": 195, "column": 14 }
      },
      "50": {
        "start": { "line": 198, "column": 8 },
        "end": { "line": 198, "column": 27 }
      },
      "51": {
        "start": { "line": 199, "column": 8 },
        "end": { "line": 199, "column": 14 }
      },
      "52": {
        "start": { "line": 201, "column": 8 },
        "end": { "line": 201, "column": 52 }
      },
      "53": {
        "start": { "line": 202, "column": 8 },
        "end": { "line": 202, "column": 27 }
      },
      "54": {
        "start": { "line": 206, "column": 2 },
        "end": { "line": 206, "column": 16 }
      },
      "55": {
        "start": { "line": 214, "column": 19 },
        "end": { "line": 214, "column": 38 }
      },
      "56": {
        "start": { "line": 216, "column": 13 },
        "end": { "line": 219, "column": 4 }
      },
      "57": {
        "start": { "line": 221, "column": 2 },
        "end": { "line": 231, "column": 5 }
      },
      "58": {
        "start": { "line": 222, "column": 4 },
        "end": { "line": 224, "column": 6 }
      },
      "59": {
        "start": { "line": 225, "column": 4 },
        "end": { "line": 225, "column": 61 }
      },
      "60": {
        "start": { "line": 227, "column": 4 },
        "end": { "line": 230, "column": 7 }
      },
      "61": {
        "start": { "line": 228, "column": 6 },
        "end": { "line": 228, "column": 17 }
      },
      "62": {
        "start": { "line": 229, "column": 6 },
        "end": { "line": 229, "column": 22 }
      },
      "63": {
        "start": { "line": 238, "column": 2 },
        "end": { "line": 313, "column": 3 }
      },
      "64": {
        "start": { "line": 239, "column": 17 },
        "end": { "line": 239, "column": 28 }
      },
      "65": {
        "start": { "line": 242, "column": 4 },
        "end": { "line": 245, "column": 5 }
      },
      "66": {
        "start": { "line": 243, "column": 6 },
        "end": { "line": 243, "column": 17 }
      },
      "67": {
        "start": { "line": 244, "column": 6 },
        "end": { "line": 244, "column": 22 }
      },
      "68": {
        "start": { "line": 248, "column": 21 },
        "end": { "line": 248, "column": 68 }
      },
      "69": {
        "start": { "line": 251, "column": 4 },
        "end": { "line": 273, "column": 5 }
      },
      "70": {
        "start": { "line": 252, "column": 6 },
        "end": { "line": 252, "column": 66 }
      },
      "71": {
        "start": { "line": 253, "column": 6 },
        "end": { "line": 255, "column": 8 }
      },
      "72": {
        "start": { "line": 256, "column": 6 },
        "end": { "line": 257, "column": 104 }
      },
      "73": {
        "start": { "line": 258, "column": 11 },
        "end": { "line": 273, "column": 5 }
      },
      "74": {
        "start": { "line": 259, "column": 6 },
        "end": { "line": 259, "column": 31 }
      },
      "75": {
        "start": { "line": 260, "column": 11 },
        "end": { "line": 273, "column": 5 }
      },
      "76": {
        "start": { "line": 261, "column": 6 },
        "end": { "line": 261, "column": 76 }
      },
      "77": {
        "start": { "line": 262, "column": 6 },
        "end": { "line": 262, "column": 38 }
      },
      "78": {
        "start": { "line": 263, "column": 11 },
        "end": { "line": 273, "column": 5 }
      },
      "79": {
        "start": { "line": 265, "column": 21 },
        "end": { "line": 265, "column": 23 }
      },
      "80": {
        "start": { "line": 266, "column": 6 },
        "end": { "line": 268, "column": 7 }
      },
      "81": {
        "start": { "line": 267, "column": 8 },
        "end": { "line": 267, "column": 27 }
      },
      "82": {
        "start": { "line": 269, "column": 6 },
        "end": { "line": 269, "column": 63 }
      },
      "83": {
        "start": { "line": 272, "column": 6 },
        "end": { "line": 272, "column": 46 }
      },
      "84": {
        "start": { "line": 276, "column": 4 },
        "end": { "line": 276, "column": 42 }
      },
      "85": {
        "start": { "line": 279, "column": 20 },
        "end": { "line": 279, "column": 53 }
      },
      "86": {
        "start": { "line": 280, "column": 22 },
        "end": { "line": 280, "column": 66 }
      },
      "87": {
        "start": { "line": 281, "column": 25 },
        "end": { "line": 281, "column": 47 }
      },
      "88": {
        "start": { "line": 284, "column": 4 },
        "end": { "line": 284, "column": 56 }
      },
      "89": {
        "start": { "line": 286, "column": 4 },
        "end": { "line": 294, "column": 5 }
      },
      "90": {
        "start": { "line": 287, "column": 6 },
        "end": { "line": 287, "column": 59 }
      },
      "91": {
        "start": { "line": 288, "column": 6 },
        "end": { "line": 290, "column": 8 }
      },
      "92": {
        "start": { "line": 291, "column": 6 },
        "end": { "line": 293, "column": 8 }
      },
      "93": {
        "start": { "line": 297, "column": 4 },
        "end": { "line": 297, "column": 20 }
      },
      "94": {
        "start": { "line": 298, "column": 4 },
        "end": { "line": 298, "column": 22 }
      },
      "95": {
        "start": { "line": 300, "column": 4 },
        "end": { "line": 300, "column": 20 }
      },
      "96": {
        "start": { "line": 302, "column": 4 },
        "end": { "line": 302, "column": 49 }
      },
      "97": {
        "start": { "line": 305, "column": 4 },
        "end": { "line": 310, "column": 5 }
      },
      "98": {
        "start": { "line": 306, "column": 6 },
        "end": { "line": 306, "column": 38 }
      },
      "99": {
        "start": { "line": 307, "column": 6 },
        "end": { "line": 307, "column": 33 }
      },
      "100": {
        "start": { "line": 309, "column": 6 },
        "end": { "line": 309, "column": 73 }
      },
      "101": {
        "start": { "line": 312, "column": 4 },
        "end": { "line": 312, "column": 20 }
      },
      "102": {
        "start": { "line": 317, "column": 0 },
        "end": { "line": 319, "column": 1 }
      },
      "103": {
        "start": { "line": 318, "column": 2 },
        "end": { "line": 318, "column": 9 }
      },
      "104": {
        "start": { "line": 322, "column": 0 },
        "end": { "line": 329, "column": 2 }
      }
    },
    "fnMap": {
      "0": {
        "name": "toByteArray",
        "decl": {
          "start": { "line": 11, "column": 9 },
          "end": { "line": 11, "column": 20 }
        },
        "loc": {
          "start": { "line": 11, "column": 32 },
          "end": { "line": 17, "column": 1 }
        },
        "line": 11
      },
      "1": {
        "name": "(anonymous_1)",
        "decl": {
          "start": { "line": 24, "column": 20 },
          "end": { "line": 24, "column": 21 }
        },
        "loc": {
          "start": { "line": 25, "column": 2 },
          "end": { "line": 25, "column": 75 }
        },
        "line": 25
      },
      "2": {
        "name": "(anonymous_2)",
        "decl": {
          "start": { "line": 25, "column": 15 },
          "end": { "line": 25, "column": 16 }
        },
        "loc": {
          "start": { "line": 25, "column": 30 },
          "end": { "line": 25, "column": 70 }
        },
        "line": 25
      },
      "3": {
        "name": "validateMnemonic",
        "decl": {
          "start": { "line": 33, "column": 9 },
          "end": { "line": 33, "column": 25 }
        },
        "loc": {
          "start": { "line": 33, "column": 36 },
          "end": { "line": 53, "column": 1 }
        },
        "line": 33
      },
      "4": {
        "name": "generateLedgerMasterKey",
        "decl": {
          "start": { "line": 64, "column": 9 },
          "end": { "line": 64, "column": 32 }
        },
        "loc": {
          "start": { "line": 64, "column": 49 },
          "end": { "line": 90, "column": 1 }
        },
        "line": 64
      },
      "5": {
        "name": "hashRepeatedly",
        "decl": {
          "start": { "line": 97, "column": 9 },
          "end": { "line": 97, "column": 23 }
        },
        "loc": {
          "start": { "line": 97, "column": 33 },
          "end": { "line": 108, "column": 1 }
        },
        "line": 97
      },
      "6": {
        "name": "tweakBits",
        "decl": {
          "start": { "line": 115, "column": 9 },
          "end": { "line": 115, "column": 18 }
        },
        "loc": {
          "start": { "line": 115, "column": 25 },
          "end": { "line": 124, "column": 1 }
        },
        "line": 115
      },
      "7": {
        "name": "showHelp",
        "decl": {
          "start": { "line": 129, "column": 9 },
          "end": { "line": 129, "column": 17 }
        },
        "loc": {
          "start": { "line": 129, "column": 20 },
          "end": { "line": 163, "column": 1 }
        },
        "line": 129
      },
      "8": {
        "name": "parseArgs",
        "decl": {
          "start": { "line": 169, "column": 9 },
          "end": { "line": 169, "column": 18 }
        },
        "loc": {
          "start": { "line": 169, "column": 21 },
          "end": { "line": 207, "column": 1 }
        },
        "line": 169
      },
      "9": {
        "name": "readMnemonicSecurely",
        "decl": {
          "start": { "line": 213, "column": 15 },
          "end": { "line": 213, "column": 35 }
        },
        "loc": {
          "start": { "line": 213, "column": 38 },
          "end": { "line": 232, "column": 1 }
        },
        "line": 213
      },
      "10": {
        "name": "(anonymous_10)",
        "decl": {
          "start": { "line": 221, "column": 21 },
          "end": { "line": 221, "column": 22 }
        },
        "loc": {
          "start": { "line": 221, "column": 34 },
          "end": { "line": 231, "column": 3 }
        },
        "line": 221
      },
      "11": {
        "name": "(anonymous_11)",
        "decl": {
          "start": { "line": 227, "column": 44 },
          "end": { "line": 227, "column": 45 }
        },
        "loc": {
          "start": { "line": 227, "column": 56 },
          "end": { "line": 230, "column": 5 }
        },
        "line": 227
      },
      "12": {
        "name": "main",
        "decl": {
          "start": { "line": 237, "column": 15 },
          "end": { "line": 237, "column": 19 }
        },
        "loc": {
          "start": { "line": 237, "column": 22 },
          "end": { "line": 314, "column": 1 }
        },
        "line": 237
      }
    },
    "branchMap": {
      "0": {
        "loc": {
          "start": { "line": 34, "column": 2 },
          "end": { "line": 36, "column": 3 }
        },
        "type": "if",
        "locations": [
          {
            "start": { "line": 34, "column": 2 },
            "end": { "line": 36, "column": 3 }
          },
          { "start": {}, "end": {} }
        ],
        "line": 34
      },
      "1": {
        "loc": {
          "start": { "line": 34, "column": 6 },
          "end": { "line": 34, "column": 47 }
        },
        "type": "binary-expr",
        "locations": [
          {
            "start": { "line": 34, "column": 6 },
            "end": { "line": 34, "column": 15 }
          },
          {
            "start": { "line": 34, "column": 19 },
            "end": { "line": 34, "column": 47 }
          }
        ],
        "line": 34
      },
      "2": {
        "loc": {
          "start": { "line": 42, "column": 2 },
          "end": { "line": 46, "column": 3 }
        },
        "type": "if",
        "locations": [
          {
            "start": { "line": 42, "column": 2 },
            "end": { "line": 46, "column": 3 }
          },
          { "start": {}, "end": {} }
        ],
        "line": 42
      },
      "3": {
        "loc": {
          "start": { "line": 48, "column": 2 },
          "end": { "line": 50, "column": 3 }
        },
        "type": "if",
        "locations": [
          {
            "start": { "line": 48, "column": 2 },
            "end": { "line": 50, "column": 3 }
          },
          { "start": {}, "end": {} }
        ],
        "line": 48
      },
      "4": {
        "loc": {
          "start": { "line": 104, "column": 2 },
          "end": { "line": 106, "column": 3 }
        },
        "type": "if",
        "locations": [
          {
            "start": { "line": 104, "column": 2 },
            "end": { "line": 106, "column": 3 }
          },
          { "start": {}, "end": {} }
        ],
        "line": 104
      },
      "5": {
        "loc": {
          "start": { "line": 179, "column": 4 },
          "end": { "line": 203, "column": 5 }
        },
        "type": "switch",
        "locations": [
          {
            "start": { "line": 180, "column": 6 },
            "end": { "line": 182, "column": 14 }
          },
          {
            "start": { "line": 183, "column": 6 },
            "end": { "line": 190, "column": 14 }
          },
          {
            "start": { "line": 191, "column": 6 },
            "end": { "line": 195, "column": 14 }
          },
          {
            "start": { "line": 196, "column": 6 },
            "end": { "line": 196, "column": 20 }
          },
          {
            "start": { "line": 197, "column": 6 },
            "end": { "line": 199, "column": 14 }
          },
          {
            "start": { "line": 200, "column": 6 },
            "end": { "line": 202, "column": 27 }
          }
        ],
        "line": 179
      },
      "6": {
        "loc": {
          "start": { "line": 184, "column": 8 },
          "end": { "line": 189, "column": 9 }
        },
        "type": "if",
        "locations": [
          {
            "start": { "line": 184, "column": 8 },
            "end": { "line": 189, "column": 9 }
          },
          { "start": {}, "end": {} }
        ],
        "line": 184
      },
      "7": {
        "loc": {
          "start": { "line": 192, "column": 8 },
          "end": { "line": 194, "column": 9 }
        },
        "type": "if",
        "locations": [
          {
            "start": { "line": 192, "column": 8 },
            "end": { "line": 194, "column": 9 }
          },
          { "start": {}, "end": {} }
        ],
        "line": 192
      },
      "8": {
        "loc": {
          "start": { "line": 242, "column": 4 },
          "end": { "line": 245, "column": 5 }
        },
        "type": "if",
        "locations": [
          {
            "start": { "line": 242, "column": 4 },
            "end": { "line": 245, "column": 5 }
          },
          { "start": {}, "end": {} }
        ],
        "line": 242
      },
      "9": {
        "loc": {
          "start": { "line": 248, "column": 21 },
          "end": { "line": 248, "column": 68 }
        },
        "type": "binary-expr",
        "locations": [
          {
            "start": { "line": 248, "column": 21 },
            "end": { "line": 248, "column": 36 }
          },
          {
            "start": { "line": 248, "column": 40 },
            "end": { "line": 248, "column": 62 }
          },
          {
            "start": { "line": 248, "column": 66 },
            "end": { "line": 248, "column": 68 }
          }
        ],
        "line": 248
      },
      "10": {
        "loc": {
          "start": { "line": 251, "column": 4 },
          "end": { "line": 273, "column": 5 }
        },
        "type": "if",
        "locations": [
          {
            "start": { "line": 251, "column": 4 },
            "end": { "line": 273, "column": 5 }
          },
          {
            "start": { "line": 258, "column": 11 },
            "end": { "line": 273, "column": 5 }
          }
        ],
        "line": 251
      },
      "11": {
        "loc": {
          "start": { "line": 258, "column": 11 },
          "end": { "line": 273, "column": 5 }
        },
        "type": "if",
        "locations": [
          {
            "start": { "line": 258, "column": 11 },
            "end": { "line": 273, "column": 5 }
          },
          {
            "start": { "line": 260, "column": 11 },
            "end": { "line": 273, "column": 5 }
          }
        ],
        "line": 258
      },
      "12": {
        "loc": {
          "start": { "line": 260, "column": 11 },
          "end": { "line": 273, "column": 5 }
        },
        "type": "if",
        "locations": [
          {
            "start": { "line": 260, "column": 11 },
            "end": { "line": 273, "column": 5 }
          },
          {
            "start": { "line": 263, "column": 11 },
            "end": { "line": 273, "column": 5 }
          }
        ],
        "line": 260
      },
      "13": {
        "loc": {
          "start": { "line": 263, "column": 11 },
          "end": { "line": 273, "column": 5 }
        },
        "type": "if",
        "locations": [
          {
            "start": { "line": 263, "column": 11 },
            "end": { "line": 273, "column": 5 }
          },
          {
            "start": { "line": 270, "column": 11 },
            "end": { "line": 273, "column": 5 }
          }
        ],
        "line": 263
      },
      "14": {
        "loc": {
          "start": { "line": 286, "column": 4 },
          "end": { "line": 294, "column": 5 }
        },
        "type": "if",
        "locations": [
          {
            "start": { "line": 286, "column": 4 },
            "end": { "line": 294, "column": 5 }
          },
          { "start": {}, "end": {} }
        ],
        "line": 286
      },
      "15": {
        "loc": {
          "start": { "line": 305, "column": 4 },
          "end": { "line": 310, "column": 5 }
        },
        "type": "if",
        "locations": [
          {
            "start": { "line": 305, "column": 4 },
            "end": { "line": 310, "column": 5 }
          },
          {
            "start": { "line": 308, "column": 11 },
            "end": { "line": 310, "column": 5 }
          }
        ],
        "line": 305
      },
      "16": {
        "loc": {
          "start": { "line": 317, "column": 0 },
          "end": { "line": 319, "column": 1 }
        },
        "type": "if",
        "locations": [
          {
            "start": { "line": 317, "column": 0 },
            "end": { "line": 319, "column": 1 }
          },
          { "start": {}, "end": {} }
        ],
        "line": 317
      }
    },
    "s": {
      "0": 1,
      "1": 1,
      "2": 7,
      "3": 7,
      "4": 7,
      "5": 370,
      "6": 7,
      "7": 1,
      "8": 36,
      "9": 3156,
      "10": 24,
      "11": 4,
      "12": 20,
      "13": 20,
      "14": 20,
      "15": 20,
      "16": 3,
      "17": 17,
      "18": 4,
      "19": 13,
      "20": 57,
      "21": 57,
      "22": 57,
      "23": 57,
      "24": 57,
      "25": 57,
      "26": 57,
      "27": 166,
      "28": 166,
      "29": 102,
      "30": 64,
      "31": 62,
      "32": 62,
      "33": 62,
      "34": 62,
      "35": 0,
      "36": 0,
      "37": 0,
      "38": 0,
      "39": 0,
      "40": 0,
      "41": 0,
      "42": 0,
      "43": 0,
      "44": 0,
      "45": 0,
      "46": 0,
      "47": 0,
      "48": 0,
      "49": 0,
      "50": 0,
      "51": 0,
      "52": 0,
      "53": 0,
      "54": 0,
      "55": 0,
      "56": 0,
      "57": 0,
      "58": 0,
      "59": 0,
      "60": 0,
      "61": 0,
      "62": 0,
      "63": 0,
      "64": 0,
      "65": 0,
      "66": 0,
      "67": 0,
      "68": 0,
      "69": 0,
      "70": 0,
      "71": 0,
      "72": 0,
      "73": 0,
      "74": 0,
      "75": 0,
      "76": 0,
      "77": 0,
      "78": 0,
      "79": 0,
      "80": 0,
      "81": 0,
      "82": 0,
      "83": 0,
      "84": 0,
      "85": 0,
      "86": 0,
      "87": 0,
      "88": 0,
      "89": 0,
      "90": 0,
      "91": 0,
      "92": 0,
      "93": 0,
      "94": 0,
      "95": 0,
      "96": 0,
      "97": 0,
      "98": 0,
      "99": 0,
      "100": 0,
      "101": 0,
      "102": 1,
      "103": 0,
      "104": 1
    },
    "f": {
      "0": 7,
      "1": 36,
      "2": 3156,
      "3": 24,
      "4": 57,
      "5": 166,
      "6": 62,
      "7": 0,
      "8": 0,
      "9": 0,
      "10": 0,
      "11": 0,
      "12": 0
    },
    "b": {
      "0": [4, 20],
      "1": [24, 21],
      "2": [3, 17],
      "3": [4, 13],
      "4": [102, 64],
      "5": [0, 0, 0, 0, 0, 0],
      "6": [0, 0],
      "7": [0, 0],
      "8": [0, 0],
      "9": [0, 0, 0],
      "10": [0, 0],
      "11": [0, 0],
      "12": [0, 0],
      "13": [0, 0],
      "14": [0, 0],
      "15": [0, 0],
      "16": [0, 1]
    },
    "_coverageSchema": "1a1c01bbd47fc00a2c39e90264f33305004495a9",
    "hash": "b995c78941ef4ce022d5cd14c551910360429a6f"
  }
}
