TN:
SF:index.js
FN:11,toByteArray
FN:24,(anonymous_1)
FN:25,(anonymous_2)
FN:33,validateMnemonic
FN:64,generateLedgerMasterKey
FN:97,hashRepeatedly
FN:115,tweakBits
FN:129,showHelp
FN:169,parseArgs
FN:213,readMnemonicSecurely
FN:221,(anonymous_10)
FN:227,(anonymous_11)
FN:237,main
FNF:13
FNH:7
FNDA:7,toByteArray
FNDA:36,(anonymous_1)
FNDA:3156,(anonymous_2)
FNDA:24,validateMnemonic
FNDA:57,generateLedgerMasterKey
FNDA:166,hashRepeatedly
FNDA:62,tweakBits
FNDA:0,showHelp
FNDA:0,parseArgs
FNDA:0,readMnemonicSecurely
FNDA:0,(anonymous_10)
FNDA:0,(anonymous_11)
FNDA:0,main
DA:3,1
DA:4,1
DA:12,7
DA:13,7
DA:14,370
DA:16,7
DA:24,1
DA:25,3156
DA:34,24
DA:35,4
DA:38,20
DA:39,20
DA:40,20
DA:42,20
DA:43,3
DA:48,17
DA:49,4
DA:52,13
DA:66,57
DA:76,57
DA:77,57
DA:83,57
DA:84,57
DA:87,57
DA:89,57
DA:98,166
DA:104,166
DA:105,102
DA:107,64
DA:117,62
DA:119,62
DA:121,62
DA:123,62
DA:130,0
DA:170,0
DA:171,0
DA:178,0
DA:179,0
DA:181,0
DA:182,0
DA:184,0
DA:185,0
DA:186,0
DA:190,0
DA:192,0
DA:193,0
DA:195,0
DA:198,0
DA:199,0
DA:201,0
DA:202,0
DA:206,0
DA:214,0
DA:216,0
DA:221,0
DA:222,0
DA:225,0
DA:227,0
DA:228,0
DA:229,0
DA:238,0
DA:239,0
DA:242,0
DA:243,0
DA:244,0
DA:248,0
DA:251,0
DA:252,0
DA:253,0
DA:256,0
DA:258,0
DA:259,0
DA:260,0
DA:261,0
DA:262,0
DA:263,0
DA:265,0
DA:266,0
DA:267,0
DA:269,0
DA:272,0
DA:276,0
DA:279,0
DA:280,0
DA:281,0
DA:284,0
DA:286,0
DA:287,0
DA:288,0
DA:291,0
DA:297,0
DA:298,0
DA:300,0
DA:302,0
DA:305,0
DA:306,0
DA:307,0
DA:309,0
DA:312,0
DA:317,1
DA:318,0
DA:322,1
LF:102
LH:35
BRDA:34,0,0,4
BRDA:34,0,1,20
BRDA:34,1,0,24
BRDA:34,1,1,21
BRDA:42,2,0,3
BRDA:42,2,1,17
BRDA:48,3,0,4
BRDA:48,3,1,13
BRDA:104,4,0,102
BRDA:104,4,1,64
BRDA:179,5,0,0
BRDA:179,5,1,0
BRDA:179,5,2,0
BRDA:179,5,3,0
BRDA:179,5,4,0
BRDA:179,5,5,0
BRDA:184,6,0,0
BRDA:184,6,1,0
BRDA:192,7,0,0
BRDA:192,7,1,0
BRDA:242,8,0,0
BRDA:242,8,1,0
BRDA:248,9,0,0
BRDA:248,9,1,0
BRDA:248,9,2,0
BRDA:251,10,0,0
BRDA:251,10,1,0
BRDA:258,11,0,0
BRDA:258,11,1,0
BRDA:260,12,0,0
BRDA:260,12,1,0
BRDA:263,13,0,0
BRDA:263,13,1,0
BRDA:286,14,0,0
BRDA:286,14,1,0
BRDA:305,15,0,0
BRDA:305,15,1,0
BRDA:317,16,0,0
BRDA:317,16,1,1
BRF:39
BRH:11
end_of_record
